\BOOKMARK [1][-]{Dedication.1}{Dedication}{}% 1
\BOOKMARK [1][-]{Abstract.1}{Abstract}{}% 2
\BOOKMARK [1][-]{Abstract.1}{Abstract}{}% 3
\BOOKMARK [1][-]{publications.1}{Publications}{}% 4
\BOOKMARK [1][-]{acknowledgments.1}{Acknowledgments}{}% 5
\BOOKMARK [1][-]{tableofcontents.1}{Table des mati\350res}{}% 6
\BOOKMARK [1][-]{lof.1}{Table des figures}{}% 7
\BOOKMARK [1][-]{lot.1}{Liste des tableaux}{}% 8
\BOOKMARK [1][-]{lol.1}{Listings}{}% 9
\BOOKMARK [1][-]{acronyms.1}{Acronyms}{}% 10
\BOOKMARK [-1][]{part.1}{Contexte}{}% 11
\BOOKMARK [0][]{chapter.1}{1 Introduction au mod\350le physique }{part.1}% 12
\BOOKMARK [1][-]{section.1.1}{1.1 Les piliers}{chapter.1}% 13
\BOOKMARK [1][-]{section.1.2}{1.2 observation -> Hubble}{chapter.1}% 14
\BOOKMARK [1][-]{section.1.3}{1.3 th\351orie - lCDM}{chapter.1}% 15
\BOOKMARK [1][-]{section.1.4}{1.4 observation -> le CMB}{chapter.1}% 16
\BOOKMARK [1][-]{section.1.5}{1.5 Th\351orie-> le CMB et le contenu de l'univers}{chapter.1}% 17
\BOOKMARK [2][-]{subsection.1.5.1}{1.5.1 Energie noire}{section.1.5}% 18
\BOOKMARK [2][-]{subsection.1.5.2}{1.5.2 Mati\350re noire}{section.1.5}% 19
\BOOKMARK [2][-]{subsection.1.5.3}{1.5.3 Baryon}{section.1.5}% 20
\BOOKMARK [2][-]{subsection.1.5.4}{1.5.4 Radiation}{section.1.5}% 21
\BOOKMARK [2][-]{subsection.1.5.5}{1.5.5 bilan}{section.1.5}% 22
\BOOKMARK [1][-]{section.1.6}{1.6 Observation -> la reionization}{chapter.1}% 23
\BOOKMARK [1][-]{section.1.7}{1.7 Th\351orie -> La reionization}{chapter.1}% 24
\BOOKMARK [2][-]{subsection.1.7.1}{1.7.1 les principales question en suspend de l'\351tude de la r\351ionisation}{section.1.7}% 25
\BOOKMARK [0][]{chapter.2}{2 Introduction au mod\350le num\351rique}{part.1}% 26
\BOOKMARK [1][-]{section.2.1}{2.1 Les diff\351rents types de codes}{chapter.2}% 27
\BOOKMARK [1][-]{section.2.2}{2.2 Gestion de la grille}{chapter.2}% 28
\BOOKMARK [1][-]{section.2.3}{2.3 Syst\350me d'unit\351s supercomobiles}{chapter.2}% 29
\BOOKMARK [1][-]{section.2.4}{2.4 g\351n\351ration des conditions initiales}{chapter.2}% 30
\BOOKMARK [1][-]{section.2.5}{2.5 Th\351orie des perturbation lin\351aire}{chapter.2}% 31
\BOOKMARK [1][-]{section.2.6}{2.6 solveur de gravit\351}{chapter.2}% 32
\BOOKMARK [1][-]{section.2.7}{2.7 Baryon}{chapter.2}% 33
\BOOKMARK [1][-]{section.2.8}{2.8 La chimie}{chapter.2}% 34
\BOOKMARK [1][-]{section.2.9}{2.9 radiation}{chapter.2}% 35
\BOOKMARK [1][-]{section.2.10}{2.10 gestion du pas de temps}{chapter.2}% 36
\BOOKMARK [1][-]{section.2.11}{2.11 Mat\351riel et parall\351lisme}{chapter.2}% 37
\BOOKMARK [1][-]{section.2.12}{2.12 Les machines utilis\351es}{chapter.2}% 38
\BOOKMARK [1][-]{section.2.13}{2.13 Gestion des entr\351es sortie}{chapter.2}% 39
\BOOKMARK [1][-]{section.2.14}{2.14 Potentiel d'optimisation EMMA}{chapter.2}% 40
\BOOKMARK [-1][]{part.2}{Les \351toiles}{}% 41
\BOOKMARK [0][]{chapter.3}{3 Les etoiles}{part.2}% 42
\BOOKMARK [1][-]{section.3.1}{3.1 La formation stellaire}{chapter.3}% 43
\BOOKMARK [1][-]{section.3.2}{3.2 La vie radiative}{chapter.3}% 44
\BOOKMARK [1][-]{section.3.3}{3.3 le probl\350me de la masse des \351toiles}{chapter.3}% 45
\BOOKMARK [1][-]{section.3.4}{3.4 Les supernovae}{chapter.3}% 46
\BOOKMARK [-1][]{part.3}{Les cartes de reionizations}{}% 47
\BOOKMARK [0][]{dummy.7}{Bibliographie}{part.3}% 48
\BOOKMARK [0][]{declaration.0}{Declaration}{part.3}% 49
\BOOKMARK [0][]{colophon.0}{Colophon}{part.3}% 50
